[debug] [2022-07-17T23:38:08.020Z] ----------------------------------------------------------------------
[debug] [2022-07-17T23:38:08.022Z] Command:       C:\Program Files\nodejs\node.exe C:\Program Files\nodejs\node_modules\firebase-tools\lib\bin\firebase.js serve --only functions
[debug] [2022-07-17T23:38:08.022Z] CLI Version:   11.2.2
[debug] [2022-07-17T23:38:08.022Z] Platform:      win32
[debug] [2022-07-17T23:38:08.022Z] Node Version:  v14.18.0
[debug] [2022-07-17T23:38:08.023Z] Time:          Sun Jul 17 2022 16:38:08 GMT-0700 (Pacific Daylight Time)
[debug] [2022-07-17T23:38:08.023Z] ----------------------------------------------------------------------
[debug] 
[debug] [2022-07-17T23:38:08.091Z] > command requires scopes: ["email","openid","https://www.googleapis.com/auth/cloudplatformprojects.readonly","https://www.googleapis.com/auth/firebase","https://www.googleapis.com/auth/cloud-platform"]
[debug] [2022-07-17T23:38:08.092Z] > authorizing via signed-in user (jojawhi@gmail.com)
[debug] [2022-07-17T23:38:08.092Z] [iam] checking project team-red-1ccfb for permissions ["firebase.projects.get"]
[debug] [2022-07-17T23:38:08.094Z] >>> [apiv2][query] POST https://cloudresourcemanager.googleapis.com/v1/projects/team-red-1ccfb:testIamPermissions [none]
[debug] [2022-07-17T23:38:08.094Z] >>> [apiv2][body] POST https://cloudresourcemanager.googleapis.com/v1/projects/team-red-1ccfb:testIamPermissions {"permissions":["firebase.projects.get"]}
[debug] [2022-07-17T23:38:08.213Z] <<< [apiv2][status] POST https://cloudresourcemanager.googleapis.com/v1/projects/team-red-1ccfb:testIamPermissions 200
[debug] [2022-07-17T23:38:08.213Z] <<< [apiv2][body] POST https://cloudresourcemanager.googleapis.com/v1/projects/team-red-1ccfb:testIamPermissions {"permissions":["firebase.projects.get"]}
[debug] [2022-07-17T23:38:08.215Z] >>> [apiv2][query] GET https://firebase.googleapis.com/v1beta1/projects/team-red-1ccfb [none]
[debug] [2022-07-17T23:38:08.359Z] <<< [apiv2][status] GET https://firebase.googleapis.com/v1beta1/projects/team-red-1ccfb 200
[debug] [2022-07-17T23:38:08.360Z] <<< [apiv2][body] GET https://firebase.googleapis.com/v1beta1/projects/team-red-1ccfb {"projectId":"team-red-1ccfb","projectNumber":"884652783315","displayName":"Team Red","name":"projects/team-red-1ccfb","resources":{"hostingSite":"team-red-1ccfb","storageBucket":"team-red-1ccfb.appspot.com","locationId":"us-central"},"state":"ACTIVE"}
[info] +  functions: Using node@14 from host. {"metadata":{"emulator":{"name":"functions"},"message":"Using node@14 from host."}}
[debug] [2022-07-17T23:38:08.378Z] defaultcredentials: writing to file C:\Users\Josh White\AppData\Roaming\firebase\jojawhi_gmail_com_application_default_credentials.json
[debug] [2022-07-17T23:38:08.379Z] Setting GAC to C:\Users\Josh White\AppData\Roaming\firebase\jojawhi_gmail_com_application_default_credentials.json {"metadata":{"emulator":{"name":"functions"},"message":"Setting GAC to C:\\Users\\Josh White\\AppData\\Roaming\\firebase\\jojawhi_gmail_com_application_default_credentials.json"}}
[debug] [2022-07-17T23:38:08.380Z] >>> [apiv2][query] GET https://firebase.googleapis.com/v1beta1/projects/team-red-1ccfb/adminSdkConfig [none]
[debug] [2022-07-17T23:38:08.534Z] <<< [apiv2][status] GET https://firebase.googleapis.com/v1beta1/projects/team-red-1ccfb/adminSdkConfig 200
[debug] [2022-07-17T23:38:08.535Z] <<< [apiv2][body] GET https://firebase.googleapis.com/v1beta1/projects/team-red-1ccfb/adminSdkConfig {"projectId":"team-red-1ccfb","storageBucket":"team-red-1ccfb.appspot.com","locationId":"us-central"}
[info] i  functions: Watching "D:\JOSH\WEB\Scott Coates\Group Project\group-project-team-red\functions" for Cloud Functions... {"metadata":{"emulator":{"name":"functions"},"message":"Watching \"D:\\JOSH\\WEB\\Scott Coates\\Group Project\\group-project-team-red\\functions\" for Cloud Functions..."}}
[debug] [2022-07-17T23:38:08.553Z] Validating nodejs source
[debug] [2022-07-17T23:38:11.434Z] > [functions] package.json contents: {
  "name": "functions",
  "description": "Cloud Functions for Firebase",
  "scripts": {
    "serve": "firebase emulators:start --only functions",
    "shell": "firebase functions:shell",
    "start": "npm run shell",
    "deploy": "firebase deploy --only functions",
    "logs": "firebase functions:log"
  },
  "engines": {
    "node": "14"
  },
  "main": "index.js",
  "dependencies": {
    "cors": "^2.8.5",
    "express": "^4.18.1",
    "firebase-admin": "^10.0.2",
    "firebase-functions": "^3.18.0",
    "stripe": "^9.13.0"
  },
  "devDependencies": {
    "firebase-functions-test": "^0.2.0"
  },
  "private": true
}
[debug] [2022-07-17T23:38:11.435Z] Building nodejs source
[debug] [2022-07-17T23:38:11.435Z] Analyzing nodejs backend spec
[debug] [2022-07-17T23:38:11.436Z] Could not find functions.yaml. Must use http discovery
[debug] [2022-07-17T23:38:11.646Z] Serving at port 9005

[debug] [2022-07-17T23:38:11.788Z] Got response from /__/functions.yaml {"endpoints":{"stripe":{"platform":"gcfv1","httpsTrigger":{},"entryPoint":"stripe"}},"specVersion":"v1alpha1","requiredAPIs":[]}
[debug] [2022-07-17T23:38:11.794Z] shutdown requested via /__/quitquitquit

[info] +  functions[us-central1-stripe]: http function initialized (http://localhost:5000/team-red-1ccfb/us-central1/stripe). {"metadata":{"emulator":{"name":"functions"},"message":"\u001b[1mhttp\u001b[22m function initialized (http://localhost:5000/team-red-1ccfb/us-central1/stripe)."}}
[debug] [2022-07-17T23:39:39.348Z] [work-queue] {"queueLength":1,"workRunningCount":0}
[debug] [2022-07-17T23:39:39.349Z] [work-queue] {"queueLength":0,"workRunningCount":1}
[debug] [2022-07-17T23:39:39.349Z] Accepted request OPTIONS /team-red-1ccfb/us-central1/stripe/create-payment-intent --> us-central1-stripe
[info] i  functions: Loaded environment variables from .env. 
[debug] [2022-07-17T23:39:39.360Z] [worker-pool] addWorker(us-central1-stripe) {"metadata":{"emulator":{"name":"functions"},"message":"[worker-pool] addWorker(us-central1-stripe)"}}
[debug] [2022-07-17T23:39:39.361Z] [worker-pool] Adding worker with key us-central1-stripe, total=1 {"metadata":{"emulator":{"name":"functions"},"message":"[worker-pool] Adding worker with key us-central1-stripe, total=1"}}
[debug] [2022-07-17T23:39:39.361Z] [worker-pool] submitWork(triggerId=us-central1-stripe) {"metadata":{"emulator":{"name":"functions"},"message":"[worker-pool] submitWork(triggerId=us-central1-stripe)"}}
[debug] [2022-07-17T23:39:39.361Z] [worker-us-central1-stripe-183ab248-8da0-4fdf-a688-3a96c790ef56]: BUSY {"metadata":{"emulator":{"name":"functions"},"message":"[worker-us-central1-stripe-183ab248-8da0-4fdf-a688-3a96c790ef56]: BUSY"}}
[debug] [2022-07-17T23:39:40.714Z] [runtime-status] [41912] Functions runtime initialized. {"cwd":"D:\\JOSH\\WEB\\Scott Coates\\Group Project\\group-project-team-red\\functions","node_version":"14.18.0"} {"metadata":{"emulator":{"name":"functions"},"function":{"name":"us-central1-stripe"},"extension":{},"message":"[runtime-status] [41912] Functions runtime initialized. {\"cwd\":\"D:\\\\JOSH\\\\WEB\\\\Scott Coates\\\\Group Project\\\\group-project-team-red\\\\functions\",\"node_version\":\"14.18.0\"}"}}
[debug] [2022-07-17T23:39:40.714Z] [runtime-status] [41912] Disabled runtime features: undefined {"metadata":{"emulator":{"name":"functions"},"function":{"name":"us-central1-stripe"},"extension":{},"message":"[runtime-status] [41912] Disabled runtime features: undefined"}}
[debug] [2022-07-17T23:39:40.717Z] [runtime-status] [41912] Resolved module firebase-admin {"declared":true,"installed":true,"version":"10.3.0","resolution":"D:\\JOSH\\WEB\\Scott Coates\\Group Project\\group-project-team-red\\functions\\node_modules\\firebase-admin\\lib\\index.js"} {"metadata":{"emulator":{"name":"functions"},"function":{"name":"us-central1-stripe"},"extension":{},"message":"[runtime-status] [41912] Resolved module firebase-admin {\"declared\":true,\"installed\":true,\"version\":\"10.3.0\",\"resolution\":\"D:\\\\JOSH\\\\WEB\\\\Scott Coates\\\\Group Project\\\\group-project-team-red\\\\functions\\\\node_modules\\\\firebase-admin\\\\lib\\\\index.js\"}"}}
[debug] [2022-07-17T23:39:40.718Z] [runtime-status] [41912] Resolved module firebase-functions {"declared":true,"installed":true,"version":"3.22.0","resolution":"D:\\JOSH\\WEB\\Scott Coates\\Group Project\\group-project-team-red\\functions\\node_modules\\firebase-functions\\lib\\index.js"} {"metadata":{"emulator":{"name":"functions"},"function":{"name":"us-central1-stripe"},"extension":{},"message":"[runtime-status] [41912] Resolved module firebase-functions {\"declared\":true,\"installed\":true,\"version\":\"3.22.0\",\"resolution\":\"D:\\\\JOSH\\\\WEB\\\\Scott Coates\\\\Group Project\\\\group-project-team-red\\\\functions\\\\node_modules\\\\firebase-functions\\\\lib\\\\index.js\"}"}}
[debug] [2022-07-17T23:39:40.719Z] [runtime-status] [41912] Outgoing network have been stubbed. [{"name":"http","status":"mocked"},{"name":"http","status":"mocked"},{"name":"https","status":"mocked"},{"name":"https","status":"mocked"},{"name":"net","status":"mocked"}] {"metadata":{"emulator":{"name":"functions"},"function":{"name":"us-central1-stripe"},"extension":{},"message":"[runtime-status] [41912] Outgoing network have been stubbed. [{\"name\":\"http\",\"status\":\"mocked\"},{\"name\":\"http\",\"status\":\"mocked\"},{\"name\":\"https\",\"status\":\"mocked\"},{\"name\":\"https\",\"status\":\"mocked\"},{\"name\":\"net\",\"status\":\"mocked\"}]"}}
[debug] [2022-07-17T23:39:40.720Z] [runtime-status] [41912] Resolved module firebase-functions {"declared":true,"installed":true,"version":"3.22.0","resolution":"D:\\JOSH\\WEB\\Scott Coates\\Group Project\\group-project-team-red\\functions\\node_modules\\firebase-functions\\lib\\index.js"} {"metadata":{"emulator":{"name":"functions"},"function":{"name":"us-central1-stripe"},"extension":{},"message":"[runtime-status] [41912] Resolved module firebase-functions {\"declared\":true,\"installed\":true,\"version\":\"3.22.0\",\"resolution\":\"D:\\\\JOSH\\\\WEB\\\\Scott Coates\\\\Group Project\\\\group-project-team-red\\\\functions\\\\node_modules\\\\firebase-functions\\\\lib\\\\index.js\"}"}}
[debug] [2022-07-17T23:39:40.764Z] [runtime-status] [41912] Checked functions.config() {"config":{}} {"metadata":{"emulator":{"name":"functions"},"function":{"name":"us-central1-stripe"},"extension":{},"message":"[runtime-status] [41912] Checked functions.config() {\"config\":{}}"}}
[debug] [2022-07-17T23:39:40.764Z] [runtime-status] [41912] firebase-functions has been stubbed. {"functionsResolution":{"declared":true,"installed":true,"version":"3.22.0","resolution":"D:\\JOSH\\WEB\\Scott Coates\\Group Project\\group-project-team-red\\functions\\node_modules\\firebase-functions\\lib\\index.js"}} {"metadata":{"emulator":{"name":"functions"},"function":{"name":"us-central1-stripe"},"extension":{},"message":"[runtime-status] [41912] firebase-functions has been stubbed. {\"functionsResolution\":{\"declared\":true,\"installed\":true,\"version\":\"3.22.0\",\"resolution\":\"D:\\\\JOSH\\\\WEB\\\\Scott Coates\\\\Group Project\\\\group-project-team-red\\\\functions\\\\node_modules\\\\firebase-functions\\\\lib\\\\index.js\"}}"}}
[debug] [2022-07-17T23:39:40.764Z] [runtime-status] [41912] Resolved module firebase-functions {"declared":true,"installed":true,"version":"3.22.0","resolution":"D:\\JOSH\\WEB\\Scott Coates\\Group Project\\group-project-team-red\\functions\\node_modules\\firebase-functions\\lib\\index.js"} {"metadata":{"emulator":{"name":"functions"},"function":{"name":"us-central1-stripe"},"extension":{},"message":"[runtime-status] [41912] Resolved module firebase-functions {\"declared\":true,\"installed\":true,\"version\":\"3.22.0\",\"resolution\":\"D:\\\\JOSH\\\\WEB\\\\Scott Coates\\\\Group Project\\\\group-project-team-red\\\\functions\\\\node_modules\\\\firebase-functions\\\\lib\\\\index.js\"}"}}
[debug] [2022-07-17T23:39:40.766Z] [runtime-status] [41912] Resolved module firebase-admin {"declared":true,"installed":true,"version":"10.3.0","resolution":"D:\\JOSH\\WEB\\Scott Coates\\Group Project\\group-project-team-red\\functions\\node_modules\\firebase-admin\\lib\\index.js"} {"metadata":{"emulator":{"name":"functions"},"function":{"name":"us-central1-stripe"},"extension":{},"message":"[runtime-status] [41912] Resolved module firebase-admin {\"declared\":true,\"installed\":true,\"version\":\"10.3.0\",\"resolution\":\"D:\\\\JOSH\\\\WEB\\\\Scott Coates\\\\Group Project\\\\group-project-team-red\\\\functions\\\\node_modules\\\\firebase-admin\\\\lib\\\\index.js\"}"}}
[debug] [2022-07-17T23:39:40.766Z] [runtime-status] [41912] Resolved module firebase-functions {"declared":true,"installed":true,"version":"3.22.0","resolution":"D:\\JOSH\\WEB\\Scott Coates\\Group Project\\group-project-team-red\\functions\\node_modules\\firebase-functions\\lib\\index.js"} {"metadata":{"emulator":{"name":"functions"},"function":{"name":"us-central1-stripe"},"extension":{},"message":"[runtime-status] [41912] Resolved module firebase-functions {\"declared\":true,\"installed\":true,\"version\":\"3.22.0\",\"resolution\":\"D:\\\\JOSH\\\\WEB\\\\Scott Coates\\\\Group Project\\\\group-project-team-red\\\\functions\\\\node_modules\\\\firebase-functions\\\\lib\\\\index.js\"}"}}
[debug] [2022-07-17T23:39:40.767Z] [runtime-status] [41912] firebase-admin has been stubbed. {"adminResolution":{"declared":true,"installed":true,"version":"10.3.0","resolution":"D:\\JOSH\\WEB\\Scott Coates\\Group Project\\group-project-team-red\\functions\\node_modules\\firebase-admin\\lib\\index.js"}} {"metadata":{"emulator":{"name":"functions"},"function":{"name":"us-central1-stripe"},"extension":{},"message":"[runtime-status] [41912] firebase-admin has been stubbed. {\"adminResolution\":{\"declared\":true,\"installed\":true,\"version\":\"10.3.0\",\"resolution\":\"D:\\\\JOSH\\\\WEB\\\\Scott Coates\\\\Group Project\\\\group-project-team-red\\\\functions\\\\node_modules\\\\firebase-admin\\\\lib\\\\index.js\"}}"}}
[debug] [2022-07-17T23:39:40.941Z] [runtime-status] [41912] Beginning invocation function stripe! {"metadata":{"emulator":{"name":"functions"},"function":{"name":"us-central1-stripe"},"extension":{},"message":"[runtime-status] [41912] Beginning invocation function stripe!"}}
[info] i  functions: Beginning execution of "stripe" {"metadata":{"emulator":{"name":"functions"},"function":{"name":"us-central1-stripe"},"extension":{},"message":"Beginning execution of \"stripe\""}}
[debug] [2022-07-17T23:39:40.943Z] [runtime-status] [41912] Running stripe in signature http {"metadata":{"emulator":{"name":"functions"},"function":{"name":"us-central1-stripe"},"extension":{},"message":"[runtime-status] [41912] Running stripe in signature http"}}
[debug] [2022-07-17T23:39:40.945Z] [runtime-status] [41912] Attempting to listen to port: \\?\pipe\fire_emu_204a7095e9d4afb0 {"metadata":{"emulator":{"name":"functions"},"function":{"name":"us-central1-stripe"},"extension":{},"message":"[runtime-status] [41912] Attempting to listen to port: \\\\?\\pipe\\fire_emu_204a7095e9d4afb0"}}
[debug] [2022-07-17T23:39:40.946Z] [runtime-status] [41912] Listening to port: \\?\pipe\fire_emu_204a7095e9d4afb0 {"metadata":{"emulator":{"name":"functions"},"function":{"name":"us-central1-stripe"},"extension":{},"message":"[runtime-status] [41912] Listening to port: \\\\?\\pipe\\fire_emu_204a7095e9d4afb0"}}
[debug] [2022-07-17T23:39:40.949Z] [functions] Runtime ready! Sending request! {"metadata":{"emulator":{"name":"functions"},"message":"[functions] Runtime ready! Sending request!"}}
[debug] [2022-07-17T23:39:40.950Z] [functions] Got req.url=/team-red-1ccfb/us-central1/stripe/create-payment-intent, mapping to path=/create-payment-intent {"metadata":{"emulator":{"name":"functions"},"message":"[functions] Got req.url=/team-red-1ccfb/us-central1/stripe/create-payment-intent, mapping to path=/create-payment-intent"}}
[debug] [2022-07-17T23:39:40.954Z] [runtime-status] [41912] Ephemeral server handling OPTIONS request {"metadata":{"emulator":{"name":"functions"},"function":{"name":"us-central1-stripe"},"extension":{},"message":"[runtime-status] [41912] Ephemeral server handling OPTIONS request"}}
[debug] [2022-07-17T23:39:40.959Z] [runtime-status] [41912] Ephemeral server survived. {"metadata":{"emulator":{"name":"functions"},"function":{"name":"us-central1-stripe"},"extension":{},"message":"[runtime-status] [41912] Ephemeral server survived."}}
[debug] [2022-07-17T23:39:40.960Z] [work-queue] {"queueLength":1,"workRunningCount":1}
[debug] [2022-07-17T23:39:40.960Z] [work-queue] {"queueLength":0,"workRunningCount":2}
[debug] [2022-07-17T23:39:40.960Z] Accepted request POST /team-red-1ccfb/us-central1/stripe/create-payment-intent --> us-central1-stripe
[info] i  functions: Loaded environment variables from .env. 
[debug] [2022-07-17T23:39:40.967Z] [worker-pool] addWorker(us-central1-stripe) {"metadata":{"emulator":{"name":"functions"},"message":"[worker-pool] addWorker(us-central1-stripe)"}}
[debug] [2022-07-17T23:39:40.967Z] [worker-pool] Adding worker with key us-central1-stripe, total=2 {"metadata":{"emulator":{"name":"functions"},"message":"[worker-pool] Adding worker with key us-central1-stripe, total=2"}}
[debug] [2022-07-17T23:39:40.967Z] [worker-pool] submitWork(triggerId=us-central1-stripe) {"metadata":{"emulator":{"name":"functions"},"message":"[worker-pool] submitWork(triggerId=us-central1-stripe)"}}
[debug] [2022-07-17T23:39:40.967Z] [worker-us-central1-stripe-14073223-e789-4da7-9827-dfaac7ba9987]: BUSY {"metadata":{"emulator":{"name":"functions"},"message":"[worker-us-central1-stripe-14073223-e789-4da7-9827-dfaac7ba9987]: BUSY"}}
[info] i  functions: Finished "stripe" in ~1s {"metadata":{"emulator":{"name":"functions"},"function":{"name":"us-central1-stripe"},"extension":{},"message":"Finished \"stripe\" in ~1s"}}
[debug] [2022-07-17T23:39:40.968Z] [worker-us-central1-stripe-183ab248-8da0-4fdf-a688-3a96c790ef56]: IDLE {"metadata":{"emulator":{"name":"functions"},"message":"[worker-us-central1-stripe-183ab248-8da0-4fdf-a688-3a96c790ef56]: IDLE"}}
[debug] [2022-07-17T23:39:40.968Z] [work-queue] {"queueLength":0,"workRunningCount":1}
[debug] [2022-07-17T23:39:42.318Z] [runtime-status] [39872] Functions runtime initialized. {"cwd":"D:\\JOSH\\WEB\\Scott Coates\\Group Project\\group-project-team-red\\functions","node_version":"14.18.0"} {"metadata":{"emulator":{"name":"functions"},"function":{"name":"us-central1-stripe"},"extension":{},"message":"[runtime-status] [39872] Functions runtime initialized. {\"cwd\":\"D:\\\\JOSH\\\\WEB\\\\Scott Coates\\\\Group Project\\\\group-project-team-red\\\\functions\",\"node_version\":\"14.18.0\"}"}}
[debug] [2022-07-17T23:39:42.319Z] [runtime-status] [39872] Disabled runtime features: undefined {"metadata":{"emulator":{"name":"functions"},"function":{"name":"us-central1-stripe"},"extension":{},"message":"[runtime-status] [39872] Disabled runtime features: undefined"}}
[debug] [2022-07-17T23:39:42.322Z] [runtime-status] [39872] Resolved module firebase-admin {"declared":true,"installed":true,"version":"10.3.0","resolution":"D:\\JOSH\\WEB\\Scott Coates\\Group Project\\group-project-team-red\\functions\\node_modules\\firebase-admin\\lib\\index.js"} {"metadata":{"emulator":{"name":"functions"},"function":{"name":"us-central1-stripe"},"extension":{},"message":"[runtime-status] [39872] Resolved module firebase-admin {\"declared\":true,\"installed\":true,\"version\":\"10.3.0\",\"resolution\":\"D:\\\\JOSH\\\\WEB\\\\Scott Coates\\\\Group Project\\\\group-project-team-red\\\\functions\\\\node_modules\\\\firebase-admin\\\\lib\\\\index.js\"}"}}
[debug] [2022-07-17T23:39:42.323Z] [runtime-status] [39872] Resolved module firebase-functions {"declared":true,"installed":true,"version":"3.22.0","resolution":"D:\\JOSH\\WEB\\Scott Coates\\Group Project\\group-project-team-red\\functions\\node_modules\\firebase-functions\\lib\\index.js"} {"metadata":{"emulator":{"name":"functions"},"function":{"name":"us-central1-stripe"},"extension":{},"message":"[runtime-status] [39872] Resolved module firebase-functions {\"declared\":true,\"installed\":true,\"version\":\"3.22.0\",\"resolution\":\"D:\\\\JOSH\\\\WEB\\\\Scott Coates\\\\Group Project\\\\group-project-team-red\\\\functions\\\\node_modules\\\\firebase-functions\\\\lib\\\\index.js\"}"}}
[debug] [2022-07-17T23:39:42.324Z] [runtime-status] [39872] Outgoing network have been stubbed. [{"name":"http","status":"mocked"},{"name":"http","status":"mocked"},{"name":"https","status":"mocked"},{"name":"https","status":"mocked"},{"name":"net","status":"mocked"}] {"metadata":{"emulator":{"name":"functions"},"function":{"name":"us-central1-stripe"},"extension":{},"message":"[runtime-status] [39872] Outgoing network have been stubbed. [{\"name\":\"http\",\"status\":\"mocked\"},{\"name\":\"http\",\"status\":\"mocked\"},{\"name\":\"https\",\"status\":\"mocked\"},{\"name\":\"https\",\"status\":\"mocked\"},{\"name\":\"net\",\"status\":\"mocked\"}]"}}
[debug] [2022-07-17T23:39:42.325Z] [runtime-status] [39872] Resolved module firebase-functions {"declared":true,"installed":true,"version":"3.22.0","resolution":"D:\\JOSH\\WEB\\Scott Coates\\Group Project\\group-project-team-red\\functions\\node_modules\\firebase-functions\\lib\\index.js"} {"metadata":{"emulator":{"name":"functions"},"function":{"name":"us-central1-stripe"},"extension":{},"message":"[runtime-status] [39872] Resolved module firebase-functions {\"declared\":true,\"installed\":true,\"version\":\"3.22.0\",\"resolution\":\"D:\\\\JOSH\\\\WEB\\\\Scott Coates\\\\Group Project\\\\group-project-team-red\\\\functions\\\\node_modules\\\\firebase-functions\\\\lib\\\\index.js\"}"}}
[debug] [2022-07-17T23:39:42.374Z] [runtime-status] [39872] Checked functions.config() {"config":{}} {"metadata":{"emulator":{"name":"functions"},"function":{"name":"us-central1-stripe"},"extension":{},"message":"[runtime-status] [39872] Checked functions.config() {\"config\":{}}"}}
[debug] [2022-07-17T23:39:42.375Z] [runtime-status] [39872] firebase-functions has been stubbed. {"functionsResolution":{"declared":true,"installed":true,"version":"3.22.0","resolution":"D:\\JOSH\\WEB\\Scott Coates\\Group Project\\group-project-team-red\\functions\\node_modules\\firebase-functions\\lib\\index.js"}} {"metadata":{"emulator":{"name":"functions"},"function":{"name":"us-central1-stripe"},"extension":{},"message":"[runtime-status] [39872] firebase-functions has been stubbed. {\"functionsResolution\":{\"declared\":true,\"installed\":true,\"version\":\"3.22.0\",\"resolution\":\"D:\\\\JOSH\\\\WEB\\\\Scott Coates\\\\Group Project\\\\group-project-team-red\\\\functions\\\\node_modules\\\\firebase-functions\\\\lib\\\\index.js\"}}"}}
[debug] [2022-07-17T23:39:42.376Z] [runtime-status] [39872] Resolved module firebase-functions {"declared":true,"installed":true,"version":"3.22.0","resolution":"D:\\JOSH\\WEB\\Scott Coates\\Group Project\\group-project-team-red\\functions\\node_modules\\firebase-functions\\lib\\index.js"} {"metadata":{"emulator":{"name":"functions"},"function":{"name":"us-central1-stripe"},"extension":{},"message":"[runtime-status] [39872] Resolved module firebase-functions {\"declared\":true,\"installed\":true,\"version\":\"3.22.0\",\"resolution\":\"D:\\\\JOSH\\\\WEB\\\\Scott Coates\\\\Group Project\\\\group-project-team-red\\\\functions\\\\node_modules\\\\firebase-functions\\\\lib\\\\index.js\"}"}}
[debug] [2022-07-17T23:39:42.377Z] [runtime-status] [39872] Resolved module firebase-admin {"declared":true,"installed":true,"version":"10.3.0","resolution":"D:\\JOSH\\WEB\\Scott Coates\\Group Project\\group-project-team-red\\functions\\node_modules\\firebase-admin\\lib\\index.js"} {"metadata":{"emulator":{"name":"functions"},"function":{"name":"us-central1-stripe"},"extension":{},"message":"[runtime-status] [39872] Resolved module firebase-admin {\"declared\":true,\"installed\":true,\"version\":\"10.3.0\",\"resolution\":\"D:\\\\JOSH\\\\WEB\\\\Scott Coates\\\\Group Project\\\\group-project-team-red\\\\functions\\\\node_modules\\\\firebase-admin\\\\lib\\\\index.js\"}"}}
[debug] [2022-07-17T23:39:42.378Z] [runtime-status] [39872] Resolved module firebase-functions {"declared":true,"installed":true,"version":"3.22.0","resolution":"D:\\JOSH\\WEB\\Scott Coates\\Group Project\\group-project-team-red\\functions\\node_modules\\firebase-functions\\lib\\index.js"} {"metadata":{"emulator":{"name":"functions"},"function":{"name":"us-central1-stripe"},"extension":{},"message":"[runtime-status] [39872] Resolved module firebase-functions {\"declared\":true,\"installed\":true,\"version\":\"3.22.0\",\"resolution\":\"D:\\\\JOSH\\\\WEB\\\\Scott Coates\\\\Group Project\\\\group-project-team-red\\\\functions\\\\node_modules\\\\firebase-functions\\\\lib\\\\index.js\"}"}}
[debug] [2022-07-17T23:39:42.378Z] [runtime-status] [39872] firebase-admin has been stubbed. {"adminResolution":{"declared":true,"installed":true,"version":"10.3.0","resolution":"D:\\JOSH\\WEB\\Scott Coates\\Group Project\\group-project-team-red\\functions\\node_modules\\firebase-admin\\lib\\index.js"}} {"metadata":{"emulator":{"name":"functions"},"function":{"name":"us-central1-stripe"},"extension":{},"message":"[runtime-status] [39872] firebase-admin has been stubbed. {\"adminResolution\":{\"declared\":true,\"installed\":true,\"version\":\"10.3.0\",\"resolution\":\"D:\\\\JOSH\\\\WEB\\\\Scott Coates\\\\Group Project\\\\group-project-team-red\\\\functions\\\\node_modules\\\\firebase-admin\\\\lib\\\\index.js\"}}"}}
[debug] [2022-07-17T23:39:42.577Z] [runtime-status] [39872] Beginning invocation function stripe! {"metadata":{"emulator":{"name":"functions"},"function":{"name":"us-central1-stripe"},"extension":{},"message":"[runtime-status] [39872] Beginning invocation function stripe!"}}
[info] i  functions: Beginning execution of "stripe" {"metadata":{"emulator":{"name":"functions"},"function":{"name":"us-central1-stripe"},"extension":{},"message":"Beginning execution of \"stripe\""}}
[debug] [2022-07-17T23:39:42.578Z] [runtime-status] [39872] Running stripe in signature http {"metadata":{"emulator":{"name":"functions"},"function":{"name":"us-central1-stripe"},"extension":{},"message":"[runtime-status] [39872] Running stripe in signature http"}}
[debug] [2022-07-17T23:39:42.581Z] [runtime-status] [39872] Attempting to listen to port: \\?\pipe\fire_emu_7682674a9cf124a2 {"metadata":{"emulator":{"name":"functions"},"function":{"name":"us-central1-stripe"},"extension":{},"message":"[runtime-status] [39872] Attempting to listen to port: \\\\?\\pipe\\fire_emu_7682674a9cf124a2"}}
[debug] [2022-07-17T23:39:42.582Z] [runtime-status] [39872] Listening to port: \\?\pipe\fire_emu_7682674a9cf124a2 {"metadata":{"emulator":{"name":"functions"},"function":{"name":"us-central1-stripe"},"extension":{},"message":"[runtime-status] [39872] Listening to port: \\\\?\\pipe\\fire_emu_7682674a9cf124a2"}}
[debug] [2022-07-17T23:39:42.584Z] [functions] Runtime ready! Sending request! {"metadata":{"emulator":{"name":"functions"},"message":"[functions] Runtime ready! Sending request!"}}
[debug] [2022-07-17T23:39:42.584Z] [functions] Got req.url=/team-red-1ccfb/us-central1/stripe/create-payment-intent, mapping to path=/create-payment-intent {"metadata":{"emulator":{"name":"functions"},"message":"[functions] Got req.url=/team-red-1ccfb/us-central1/stripe/create-payment-intent, mapping to path=/create-payment-intent"}}
[debug] [2022-07-17T23:39:42.683Z] [runtime-status] [39872] Ephemeral server handling POST request {"metadata":{"emulator":{"name":"functions"},"function":{"name":"us-central1-stripe"},"extension":{},"message":"[runtime-status] [39872] Ephemeral server handling POST request"}}
[debug] [2022-07-17T23:39:42.693Z] [runtime-status] [39872] Ephemeral server survived. {"metadata":{"emulator":{"name":"functions"},"function":{"name":"us-central1-stripe"},"extension":{},"message":"[runtime-status] [39872] Ephemeral server survived."}}
[info] i  functions: Finished "stripe" in ~1s {"metadata":{"emulator":{"name":"functions"},"function":{"name":"us-central1-stripe"},"extension":{},"message":"Finished \"stripe\" in ~1s"}}
[debug] [2022-07-17T23:39:43.200Z] [worker-us-central1-stripe-14073223-e789-4da7-9827-dfaac7ba9987]: IDLE {"metadata":{"emulator":{"name":"functions"},"message":"[worker-us-central1-stripe-14073223-e789-4da7-9827-dfaac7ba9987]: IDLE"}}
[debug] [2022-07-17T23:39:43.200Z] [work-queue] {"queueLength":0,"workRunningCount":0}
