[debug] [2022-07-17T23:34:37.416Z] ----------------------------------------------------------------------
[debug] [2022-07-17T23:34:37.418Z] Command:       C:\Program Files\nodejs\node.exe C:\Program Files\nodejs\node_modules\firebase-tools\lib\bin\firebase.js serve --only functions
[debug] [2022-07-17T23:34:37.419Z] CLI Version:   11.2.2
[debug] [2022-07-17T23:34:37.419Z] Platform:      win32
[debug] [2022-07-17T23:34:37.419Z] Node Version:  v14.18.0
[debug] [2022-07-17T23:34:37.420Z] Time:          Sun Jul 17 2022 16:34:37 GMT-0700 (Pacific Daylight Time)
[debug] [2022-07-17T23:34:37.420Z] ----------------------------------------------------------------------
[debug] 
[debug] [2022-07-17T23:34:37.489Z] > command requires scopes: ["email","openid","https://www.googleapis.com/auth/cloudplatformprojects.readonly","https://www.googleapis.com/auth/firebase","https://www.googleapis.com/auth/cloud-platform"]
[debug] [2022-07-17T23:34:37.490Z] > authorizing via signed-in user (jojawhi@gmail.com)
[debug] [2022-07-17T23:34:37.490Z] [iam] checking project group-project for permissions ["firebase.projects.get"]
[debug] [2022-07-17T23:34:37.492Z] >>> [apiv2][query] POST https://cloudresourcemanager.googleapis.com/v1/projects/group-project:testIamPermissions [none]
[debug] [2022-07-17T23:34:37.492Z] >>> [apiv2][body] POST https://cloudresourcemanager.googleapis.com/v1/projects/group-project:testIamPermissions {"permissions":["firebase.projects.get"]}
[debug] [2022-07-17T23:34:37.762Z] <<< [apiv2][status] POST https://cloudresourcemanager.googleapis.com/v1/projects/group-project:testIamPermissions 200
[debug] [2022-07-17T23:34:37.762Z] <<< [apiv2][body] POST https://cloudresourcemanager.googleapis.com/v1/projects/group-project:testIamPermissions {}
[debug] [2022-07-17T23:34:37.763Z] [iam] error while checking permissions, command may fail: FirebaseError: Authorization failed. This account is missing the following required permissions on project group-project:

  firebase.projects.get
[debug] [2022-07-17T23:34:37.763Z] >>> [apiv2][query] GET https://firebase.googleapis.com/v1beta1/projects/group-project [none]
[debug] [2022-07-17T23:34:37.961Z] <<< [apiv2][status] GET https://firebase.googleapis.com/v1beta1/projects/group-project 403
[debug] [2022-07-17T23:34:37.962Z] <<< [apiv2][body] GET https://firebase.googleapis.com/v1beta1/projects/group-project {"error":{"code":403,"message":"The caller does not have permission","status":"PERMISSION_DENIED"}}
[debug] [2022-07-17T23:34:37.962Z] HTTP Error: 403, The caller does not have permission
[debug] [2022-07-17T23:34:38.012Z] FirebaseError: HTTP Error: 403, The caller does not have permission
    at responseToError (C:\Users\Josh White\AppData\Roaming\nvm\v14.18.0\node_modules\firebase-tools\lib\responseToError.js:49:12)
    at RetryOperation._fn (C:\Users\Josh White\AppData\Roaming\nvm\v14.18.0\node_modules\firebase-tools\lib\apiv2.js:287:77)
    at processTicksAndRejections (internal/process/task_queues.js:95:5)
[error] 
[error] Error: Failed to get Firebase project group-project. Please make sure the project exists and your account has permission to access it.
[debug] [2022-07-18T21:33:31.440Z] ----------------------------------------------------------------------
[debug] [2022-07-18T21:33:31.443Z] Command:       /home/pab/.nvm/versions/node/v14.19.3/bin/node /home/pab/.nvm/versions/node/v14.19.3/bin/firebase serve --only functions
[debug] [2022-07-18T21:33:31.444Z] CLI Version:   11.2.2
[debug] [2022-07-18T21:33:31.444Z] Platform:      linux
[debug] [2022-07-18T21:33:31.444Z] Node Version:  v14.19.3
[debug] [2022-07-18T21:33:31.450Z] Time:          Mon Jul 18 2022 23:33:31 GMT+0200 (Central European Summer Time)
[debug] [2022-07-18T21:33:31.451Z] ----------------------------------------------------------------------
[debug] 
[debug] [2022-07-18T21:33:31.455Z] >>> [apiv2][query] GET https://firebase-public.firebaseio.com/cli.json [none]
[debug] [2022-07-18T21:33:31.570Z] Object ".hosting" in "firebase.json" has unknown property: {"additionalProperty":"destination"}
[debug] [2022-07-18T21:33:31.570Z] Field ".hosting" in "firebase.json" is possibly invalid: should be array
[debug] [2022-07-18T21:33:31.571Z] Field ".hosting" in "firebase.json" is possibly invalid: should match some schema in anyOf
[debug] [2022-07-18T21:33:31.578Z] > command requires scopes: ["email","openid","https://www.googleapis.com/auth/cloudplatformprojects.readonly","https://www.googleapis.com/auth/firebase","https://www.googleapis.com/auth/cloud-platform"]
[debug] [2022-07-18T21:33:31.578Z] > authorizing via signed-in user (pablo.maff.076@gmail.com)
[debug] [2022-07-18T21:33:31.578Z] [iam] checking project team-red-1ccfb for permissions ["firebase.projects.get"]
[debug] [2022-07-18T21:33:31.579Z] > refreshing access token with scopes: []
[debug] [2022-07-18T21:33:31.581Z] >>> [apiv2][query] POST https://www.googleapis.com/oauth2/v3/token [none]
[debug] [2022-07-18T21:33:31.581Z] >>> [apiv2][body] POST https://www.googleapis.com/oauth2/v3/token [omitted]
[debug] [2022-07-18T21:33:31.803Z] <<< [apiv2][status] POST https://www.googleapis.com/oauth2/v3/token 200
[debug] [2022-07-18T21:33:31.803Z] <<< [apiv2][body] POST https://www.googleapis.com/oauth2/v3/token [omitted]
[debug] [2022-07-18T21:33:31.829Z] >>> [apiv2][query] POST https://cloudresourcemanager.googleapis.com/v1/projects/team-red-1ccfb:testIamPermissions [none]
[debug] [2022-07-18T21:33:31.831Z] >>> [apiv2][body] POST https://cloudresourcemanager.googleapis.com/v1/projects/team-red-1ccfb:testIamPermissions {"permissions":["firebase.projects.get"]}
[debug] [2022-07-18T21:33:31.910Z] <<< [apiv2][status] GET https://firebase-public.firebaseio.com/cli.json 200
[debug] [2022-07-18T21:33:31.911Z] <<< [apiv2][body] GET https://firebase-public.firebaseio.com/cli.json {"cloudBuildErrorAfter":1594252800000,"cloudBuildWarnAfter":1590019200000,"defaultNode10After":1594252800000,"minVersion":"3.0.5","node8DeploysDisabledAfter":1613390400000,"node8RuntimeDisabledAfter":1615809600000,"node8WarnAfter":1600128000000}
[debug] [2022-07-18T21:33:32.658Z] <<< [apiv2][status] POST https://cloudresourcemanager.googleapis.com/v1/projects/team-red-1ccfb:testIamPermissions 200
[debug] [2022-07-18T21:33:32.659Z] <<< [apiv2][body] POST https://cloudresourcemanager.googleapis.com/v1/projects/team-red-1ccfb:testIamPermissions {"permissions":["firebase.projects.get"]}
[debug] [2022-07-18T21:33:32.666Z] >>> [apiv2][query] GET https://firebase.googleapis.com/v1beta1/projects/team-red-1ccfb [none]
[debug] [2022-07-18T21:33:33.055Z] <<< [apiv2][status] GET https://firebase.googleapis.com/v1beta1/projects/team-red-1ccfb 200
[debug] [2022-07-18T21:33:33.056Z] <<< [apiv2][body] GET https://firebase.googleapis.com/v1beta1/projects/team-red-1ccfb {"projectId":"team-red-1ccfb","projectNumber":"884652783315","displayName":"Team Red","name":"projects/team-red-1ccfb","resources":{"hostingSite":"team-red-1ccfb","storageBucket":"team-red-1ccfb.appspot.com","locationId":"us-central"},"state":"ACTIVE"}
[info] ✔  functions: Using node@14 from host. {"metadata":{"emulator":{"name":"functions"},"message":"Using node@14 from host."}}
[debug] [2022-07-18T21:33:33.079Z] defaultcredentials: writing to file /home/pab/.config/firebase/pablo_maff.076_gmail.com_application_default_credentials.json
[debug] [2022-07-18T21:33:33.083Z] Setting GAC to /home/pab/.config/firebase/pablo_maff.076_gmail.com_application_default_credentials.json {"metadata":{"emulator":{"name":"functions"},"message":"Setting GAC to /home/pab/.config/firebase/pablo_maff.076_gmail.com_application_default_credentials.json"}}
[debug] [2022-07-18T21:33:33.084Z] >>> [apiv2][query] GET https://firebase.googleapis.com/v1beta1/projects/team-red-1ccfb/adminSdkConfig [none]
[debug] [2022-07-18T21:33:33.367Z] <<< [apiv2][status] GET https://firebase.googleapis.com/v1beta1/projects/team-red-1ccfb/adminSdkConfig 200
[debug] [2022-07-18T21:33:33.368Z] <<< [apiv2][body] GET https://firebase.googleapis.com/v1beta1/projects/team-red-1ccfb/adminSdkConfig {"projectId":"team-red-1ccfb","storageBucket":"team-red-1ccfb.appspot.com","locationId":"us-central"}
[info] i  functions: Watching "/home/pab/Documents/group-project-team-red/functions" for Cloud Functions... {"metadata":{"emulator":{"name":"functions"},"message":"Watching \"/home/pab/Documents/group-project-team-red/functions\" for Cloud Functions..."}}
[debug] [2022-07-18T21:33:33.416Z] Validating nodejs source
[debug] [2022-07-18T21:33:37.061Z] > [functions] package.json contents: {
  "name": "functions",
  "description": "Cloud Functions for Firebase",
  "scripts": {
    "lint": "eslint .",
    "serve": "firebase emulators:start --only functions",
    "shell": "firebase functions:shell",
    "start": "npm run shell",
    "deploy": "firebase deploy --only functions",
    "logs": "firebase functions:log"
  },
  "engines": {
    "node": "14"
  },
  "main": "index.js",
  "dependencies": {
    "cors": "^2.8.5",
    "express": "^4.18.1",
    "firebase-admin": "^10.0.2",
    "firebase-functions": "^3.18.0",
    "stripe": "^9.13.0"
  },
  "devDependencies": {
    "firebase-functions-test": "^0.2.0"
  },
  "private": true
}
[debug] [2022-07-18T21:33:37.062Z] Building nodejs source
[debug] [2022-07-18T21:33:37.062Z] Analyzing nodejs backend spec
[debug] [2022-07-18T21:33:37.065Z] Could not find functions.yaml. Must use http discovery
[debug] [2022-07-18T21:33:37.356Z] Serving at port 9005

[debug] [2022-07-18T21:33:37.547Z] Got response from /__/functions.yaml {"endpoints":{"stripe":{"platform":"gcfv1","httpsTrigger":{},"entryPoint":"stripe"}},"specVersion":"v1alpha1","requiredAPIs":[]}
[debug] [2022-07-18T21:33:37.565Z] shutdown requested via /__/quitquitquit

[info] ✔  functions[us-central1-stripe]: http function initialized (http://localhost:5000/team-red-1ccfb/us-central1/stripe). {"metadata":{"emulator":{"name":"functions"},"message":"\u001b[1mhttp\u001b[22m function initialized (http://localhost:5000/team-red-1ccfb/us-central1/stripe)."}}
[debug] [2022-07-18T21:35:11.215Z] [work-queue] {"queueLength":1,"workRunningCount":0}
[debug] [2022-07-18T21:35:11.267Z] [work-queue] {"queueLength":0,"workRunningCount":1}
[debug] [2022-07-18T21:35:11.302Z] Accepted request OPTIONS /team-red-1ccfb/us-central1/stripe/create-payment-intent --> us-central1-stripe
[info] i  functions: Loaded environment variables from .env. 
[debug] [2022-07-18T21:35:11.592Z] [worker-pool] addWorker(us-central1-stripe) {"metadata":{"emulator":{"name":"functions"},"message":"[worker-pool] addWorker(us-central1-stripe)"}}
[debug] [2022-07-18T21:35:11.596Z] [worker-pool] Adding worker with key us-central1-stripe, total=1 {"metadata":{"emulator":{"name":"functions"},"message":"[worker-pool] Adding worker with key us-central1-stripe, total=1"}}
[debug] [2022-07-18T21:35:11.597Z] [worker-pool] submitWork(triggerId=us-central1-stripe) {"metadata":{"emulator":{"name":"functions"},"message":"[worker-pool] submitWork(triggerId=us-central1-stripe)"}}
[debug] [2022-07-18T21:35:11.603Z] [worker-us-central1-stripe-fd99f338-ae7f-4539-bfda-f5d3233a7ad4]: BUSY {"metadata":{"emulator":{"name":"functions"},"message":"[worker-us-central1-stripe-fd99f338-ae7f-4539-bfda-f5d3233a7ad4]: BUSY"}}
[debug] [2022-07-18T21:35:13.703Z] [runtime-status] [10302] Functions runtime initialized. {"cwd":"/home/pab/Documents/group-project-team-red/functions","node_version":"14.19.3"} {"metadata":{"emulator":{"name":"functions"},"function":{"name":"us-central1-stripe"},"extension":{},"message":"[runtime-status] [10302] Functions runtime initialized. {\"cwd\":\"/home/pab/Documents/group-project-team-red/functions\",\"node_version\":\"14.19.3\"}"}}
[debug] [2022-07-18T21:35:13.706Z] [runtime-status] [10302] Disabled runtime features: undefined {"metadata":{"emulator":{"name":"functions"},"function":{"name":"us-central1-stripe"},"extension":{},"message":"[runtime-status] [10302] Disabled runtime features: undefined"}}
[debug] [2022-07-18T21:35:13.731Z] [runtime-status] [10302] Resolved module firebase-admin {"declared":true,"installed":true,"version":"10.3.0","resolution":"/home/pab/Documents/group-project-team-red/functions/node_modules/firebase-admin/lib/index.js"} {"metadata":{"emulator":{"name":"functions"},"function":{"name":"us-central1-stripe"},"extension":{},"message":"[runtime-status] [10302] Resolved module firebase-admin {\"declared\":true,\"installed\":true,\"version\":\"10.3.0\",\"resolution\":\"/home/pab/Documents/group-project-team-red/functions/node_modules/firebase-admin/lib/index.js\"}"}}
[debug] [2022-07-18T21:35:13.737Z] [runtime-status] [10302] Resolved module firebase-functions {"declared":true,"installed":true,"version":"3.22.0","resolution":"/home/pab/Documents/group-project-team-red/functions/node_modules/firebase-functions/lib/index.js"} {"metadata":{"emulator":{"name":"functions"},"function":{"name":"us-central1-stripe"},"extension":{},"message":"[runtime-status] [10302] Resolved module firebase-functions {\"declared\":true,\"installed\":true,\"version\":\"3.22.0\",\"resolution\":\"/home/pab/Documents/group-project-team-red/functions/node_modules/firebase-functions/lib/index.js\"}"}}
[debug] [2022-07-18T21:35:13.739Z] [runtime-status] [10302] Outgoing network have been stubbed. [{"name":"http","status":"mocked"},{"name":"http","status":"mocked"},{"name":"https","status":"mocked"},{"name":"https","status":"mocked"},{"name":"net","status":"mocked"}] {"metadata":{"emulator":{"name":"functions"},"function":{"name":"us-central1-stripe"},"extension":{},"message":"[runtime-status] [10302] Outgoing network have been stubbed. [{\"name\":\"http\",\"status\":\"mocked\"},{\"name\":\"http\",\"status\":\"mocked\"},{\"name\":\"https\",\"status\":\"mocked\"},{\"name\":\"https\",\"status\":\"mocked\"},{\"name\":\"net\",\"status\":\"mocked\"}]"}}
[debug] [2022-07-18T21:35:13.740Z] [runtime-status] [10302] Resolved module firebase-functions {"declared":true,"installed":true,"version":"3.22.0","resolution":"/home/pab/Documents/group-project-team-red/functions/node_modules/firebase-functions/lib/index.js"} {"metadata":{"emulator":{"name":"functions"},"function":{"name":"us-central1-stripe"},"extension":{},"message":"[runtime-status] [10302] Resolved module firebase-functions {\"declared\":true,\"installed\":true,\"version\":\"3.22.0\",\"resolution\":\"/home/pab/Documents/group-project-team-red/functions/node_modules/firebase-functions/lib/index.js\"}"}}
[debug] [2022-07-18T21:35:13.813Z] [runtime-status] [10302] Checked functions.config() {"config":{}} {"metadata":{"emulator":{"name":"functions"},"function":{"name":"us-central1-stripe"},"extension":{},"message":"[runtime-status] [10302] Checked functions.config() {\"config\":{}}"}}
[debug] [2022-07-18T21:35:13.815Z] [runtime-status] [10302] firebase-functions has been stubbed. {"functionsResolution":{"declared":true,"installed":true,"version":"3.22.0","resolution":"/home/pab/Documents/group-project-team-red/functions/node_modules/firebase-functions/lib/index.js"}} {"metadata":{"emulator":{"name":"functions"},"function":{"name":"us-central1-stripe"},"extension":{},"message":"[runtime-status] [10302] firebase-functions has been stubbed. {\"functionsResolution\":{\"declared\":true,\"installed\":true,\"version\":\"3.22.0\",\"resolution\":\"/home/pab/Documents/group-project-team-red/functions/node_modules/firebase-functions/lib/index.js\"}}"}}
[debug] [2022-07-18T21:35:13.816Z] [runtime-status] [10302] Resolved module firebase-functions {"declared":true,"installed":true,"version":"3.22.0","resolution":"/home/pab/Documents/group-project-team-red/functions/node_modules/firebase-functions/lib/index.js"} {"metadata":{"emulator":{"name":"functions"},"function":{"name":"us-central1-stripe"},"extension":{},"message":"[runtime-status] [10302] Resolved module firebase-functions {\"declared\":true,\"installed\":true,\"version\":\"3.22.0\",\"resolution\":\"/home/pab/Documents/group-project-team-red/functions/node_modules/firebase-functions/lib/index.js\"}"}}
[debug] [2022-07-18T21:35:13.817Z] [runtime-status] [10302] Resolved module firebase-admin {"declared":true,"installed":true,"version":"10.3.0","resolution":"/home/pab/Documents/group-project-team-red/functions/node_modules/firebase-admin/lib/index.js"} {"metadata":{"emulator":{"name":"functions"},"function":{"name":"us-central1-stripe"},"extension":{},"message":"[runtime-status] [10302] Resolved module firebase-admin {\"declared\":true,\"installed\":true,\"version\":\"10.3.0\",\"resolution\":\"/home/pab/Documents/group-project-team-red/functions/node_modules/firebase-admin/lib/index.js\"}"}}
[debug] [2022-07-18T21:35:13.818Z] [runtime-status] [10302] Resolved module firebase-functions {"declared":true,"installed":true,"version":"3.22.0","resolution":"/home/pab/Documents/group-project-team-red/functions/node_modules/firebase-functions/lib/index.js"} {"metadata":{"emulator":{"name":"functions"},"function":{"name":"us-central1-stripe"},"extension":{},"message":"[runtime-status] [10302] Resolved module firebase-functions {\"declared\":true,\"installed\":true,\"version\":\"3.22.0\",\"resolution\":\"/home/pab/Documents/group-project-team-red/functions/node_modules/firebase-functions/lib/index.js\"}"}}
[debug] [2022-07-18T21:35:13.819Z] [runtime-status] [10302] firebase-admin has been stubbed. {"adminResolution":{"declared":true,"installed":true,"version":"10.3.0","resolution":"/home/pab/Documents/group-project-team-red/functions/node_modules/firebase-admin/lib/index.js"}} {"metadata":{"emulator":{"name":"functions"},"function":{"name":"us-central1-stripe"},"extension":{},"message":"[runtime-status] [10302] firebase-admin has been stubbed. {\"adminResolution\":{\"declared\":true,\"installed\":true,\"version\":\"10.3.0\",\"resolution\":\"/home/pab/Documents/group-project-team-red/functions/node_modules/firebase-admin/lib/index.js\"}}"}}
[debug] [2022-07-18T21:35:14.079Z] [runtime-status] [10302] Beginning invocation function stripe! {"metadata":{"emulator":{"name":"functions"},"function":{"name":"us-central1-stripe"},"extension":{},"message":"[runtime-status] [10302] Beginning invocation function stripe!"}}
[info] i  functions: Beginning execution of "stripe" {"metadata":{"emulator":{"name":"functions"},"function":{"name":"us-central1-stripe"},"extension":{},"message":"Beginning execution of \"stripe\""}}
[debug] [2022-07-18T21:35:14.081Z] [runtime-status] [10302] Running stripe in signature http {"metadata":{"emulator":{"name":"functions"},"function":{"name":"us-central1-stripe"},"extension":{},"message":"[runtime-status] [10302] Running stripe in signature http"}}
[debug] [2022-07-18T21:35:14.088Z] [runtime-status] [10302] Attempting to listen to port: /tmp/fire_emu_d87953bdfee41fd9.sock {"metadata":{"emulator":{"name":"functions"},"function":{"name":"us-central1-stripe"},"extension":{},"message":"[runtime-status] [10302] Attempting to listen to port: /tmp/fire_emu_d87953bdfee41fd9.sock"}}
[debug] [2022-07-18T21:35:14.091Z] [runtime-status] [10302] Listening to port: /tmp/fire_emu_d87953bdfee41fd9.sock {"metadata":{"emulator":{"name":"functions"},"function":{"name":"us-central1-stripe"},"extension":{},"message":"[runtime-status] [10302] Listening to port: /tmp/fire_emu_d87953bdfee41fd9.sock"}}
[debug] [2022-07-18T21:35:14.152Z] [functions] Runtime ready! Sending request! {"metadata":{"emulator":{"name":"functions"},"message":"[functions] Runtime ready! Sending request!"}}
[debug] [2022-07-18T21:35:14.158Z] [functions] Got req.url=/team-red-1ccfb/us-central1/stripe/create-payment-intent, mapping to path=/create-payment-intent {"metadata":{"emulator":{"name":"functions"},"message":"[functions] Got req.url=/team-red-1ccfb/us-central1/stripe/create-payment-intent, mapping to path=/create-payment-intent"}}
[debug] [2022-07-18T21:35:14.184Z] [runtime-status] [10302] Ephemeral server handling OPTIONS request {"metadata":{"emulator":{"name":"functions"},"function":{"name":"us-central1-stripe"},"extension":{},"message":"[runtime-status] [10302] Ephemeral server handling OPTIONS request"}}
[debug] [2022-07-18T21:35:14.203Z] [runtime-status] [10302] Ephemeral server survived. {"metadata":{"emulator":{"name":"functions"},"function":{"name":"us-central1-stripe"},"extension":{},"message":"[runtime-status] [10302] Ephemeral server survived."}}
[debug] [2022-07-18T21:35:14.207Z] [work-queue] {"queueLength":1,"workRunningCount":1}
[debug] [2022-07-18T21:35:14.207Z] [work-queue] {"queueLength":0,"workRunningCount":2}
[debug] [2022-07-18T21:35:14.207Z] Accepted request POST /team-red-1ccfb/us-central1/stripe/create-payment-intent --> us-central1-stripe
[info] i  functions: Loaded environment variables from .env. 
[debug] [2022-07-18T21:35:14.239Z] [worker-pool] addWorker(us-central1-stripe) {"metadata":{"emulator":{"name":"functions"},"message":"[worker-pool] addWorker(us-central1-stripe)"}}
[debug] [2022-07-18T21:35:14.240Z] [worker-pool] Adding worker with key us-central1-stripe, total=2 {"metadata":{"emulator":{"name":"functions"},"message":"[worker-pool] Adding worker with key us-central1-stripe, total=2"}}
[debug] [2022-07-18T21:35:14.240Z] [worker-pool] submitWork(triggerId=us-central1-stripe) {"metadata":{"emulator":{"name":"functions"},"message":"[worker-pool] submitWork(triggerId=us-central1-stripe)"}}
[debug] [2022-07-18T21:35:14.240Z] [worker-us-central1-stripe-7b13b970-d38b-4d59-87c5-e21e047c8ef4]: BUSY {"metadata":{"emulator":{"name":"functions"},"message":"[worker-us-central1-stripe-7b13b970-d38b-4d59-87c5-e21e047c8ef4]: BUSY"}}
[info] i  functions: Finished "stripe" in ~1s {"metadata":{"emulator":{"name":"functions"},"function":{"name":"us-central1-stripe"},"extension":{},"message":"Finished \"stripe\" in ~1s"}}
[debug] [2022-07-18T21:35:14.243Z] [worker-us-central1-stripe-fd99f338-ae7f-4539-bfda-f5d3233a7ad4]: IDLE {"metadata":{"emulator":{"name":"functions"},"message":"[worker-us-central1-stripe-fd99f338-ae7f-4539-bfda-f5d3233a7ad4]: IDLE"}}
[debug] [2022-07-18T21:35:14.244Z] [work-queue] {"queueLength":0,"workRunningCount":1}
[debug] [2022-07-18T21:35:15.601Z] [runtime-status] [10330] Functions runtime initialized. {"cwd":"/home/pab/Documents/group-project-team-red/functions","node_version":"14.19.3"} {"metadata":{"emulator":{"name":"functions"},"function":{"name":"us-central1-stripe"},"extension":{},"message":"[runtime-status] [10330] Functions runtime initialized. {\"cwd\":\"/home/pab/Documents/group-project-team-red/functions\",\"node_version\":\"14.19.3\"}"}}
[debug] [2022-07-18T21:35:15.622Z] [runtime-status] [10330] Disabled runtime features: undefined {"metadata":{"emulator":{"name":"functions"},"function":{"name":"us-central1-stripe"},"extension":{},"message":"[runtime-status] [10330] Disabled runtime features: undefined"}}
[debug] [2022-07-18T21:35:15.645Z] [runtime-status] [10330] Resolved module firebase-admin {"declared":true,"installed":true,"version":"10.3.0","resolution":"/home/pab/Documents/group-project-team-red/functions/node_modules/firebase-admin/lib/index.js"} {"metadata":{"emulator":{"name":"functions"},"function":{"name":"us-central1-stripe"},"extension":{},"message":"[runtime-status] [10330] Resolved module firebase-admin {\"declared\":true,\"installed\":true,\"version\":\"10.3.0\",\"resolution\":\"/home/pab/Documents/group-project-team-red/functions/node_modules/firebase-admin/lib/index.js\"}"}}
[debug] [2022-07-18T21:35:15.650Z] [runtime-status] [10330] Resolved module firebase-functions {"declared":true,"installed":true,"version":"3.22.0","resolution":"/home/pab/Documents/group-project-team-red/functions/node_modules/firebase-functions/lib/index.js"} {"metadata":{"emulator":{"name":"functions"},"function":{"name":"us-central1-stripe"},"extension":{},"message":"[runtime-status] [10330] Resolved module firebase-functions {\"declared\":true,\"installed\":true,\"version\":\"3.22.0\",\"resolution\":\"/home/pab/Documents/group-project-team-red/functions/node_modules/firebase-functions/lib/index.js\"}"}}
[debug] [2022-07-18T21:35:15.656Z] [runtime-status] [10330] Outgoing network have been stubbed. [{"name":"http","status":"mocked"},{"name":"http","status":"mocked"},{"name":"https","status":"mocked"},{"name":"https","status":"mocked"},{"name":"net","status":"mocked"}] {"metadata":{"emulator":{"name":"functions"},"function":{"name":"us-central1-stripe"},"extension":{},"message":"[runtime-status] [10330] Outgoing network have been stubbed. [{\"name\":\"http\",\"status\":\"mocked\"},{\"name\":\"http\",\"status\":\"mocked\"},{\"name\":\"https\",\"status\":\"mocked\"},{\"name\":\"https\",\"status\":\"mocked\"},{\"name\":\"net\",\"status\":\"mocked\"}]"}}
[debug] [2022-07-18T21:35:15.659Z] [runtime-status] [10330] Resolved module firebase-functions {"declared":true,"installed":true,"version":"3.22.0","resolution":"/home/pab/Documents/group-project-team-red/functions/node_modules/firebase-functions/lib/index.js"} {"metadata":{"emulator":{"name":"functions"},"function":{"name":"us-central1-stripe"},"extension":{},"message":"[runtime-status] [10330] Resolved module firebase-functions {\"declared\":true,\"installed\":true,\"version\":\"3.22.0\",\"resolution\":\"/home/pab/Documents/group-project-team-red/functions/node_modules/firebase-functions/lib/index.js\"}"}}
[debug] [2022-07-18T21:35:15.711Z] [runtime-status] [10330] Checked functions.config() {"config":{}} {"metadata":{"emulator":{"name":"functions"},"function":{"name":"us-central1-stripe"},"extension":{},"message":"[runtime-status] [10330] Checked functions.config() {\"config\":{}}"}}
[debug] [2022-07-18T21:35:15.711Z] [runtime-status] [10330] firebase-functions has been stubbed. {"functionsResolution":{"declared":true,"installed":true,"version":"3.22.0","resolution":"/home/pab/Documents/group-project-team-red/functions/node_modules/firebase-functions/lib/index.js"}} {"metadata":{"emulator":{"name":"functions"},"function":{"name":"us-central1-stripe"},"extension":{},"message":"[runtime-status] [10330] firebase-functions has been stubbed. {\"functionsResolution\":{\"declared\":true,\"installed\":true,\"version\":\"3.22.0\",\"resolution\":\"/home/pab/Documents/group-project-team-red/functions/node_modules/firebase-functions/lib/index.js\"}}"}}
[debug] [2022-07-18T21:35:15.712Z] [runtime-status] [10330] Resolved module firebase-functions {"declared":true,"installed":true,"version":"3.22.0","resolution":"/home/pab/Documents/group-project-team-red/functions/node_modules/firebase-functions/lib/index.js"} {"metadata":{"emulator":{"name":"functions"},"function":{"name":"us-central1-stripe"},"extension":{},"message":"[runtime-status] [10330] Resolved module firebase-functions {\"declared\":true,\"installed\":true,\"version\":\"3.22.0\",\"resolution\":\"/home/pab/Documents/group-project-team-red/functions/node_modules/firebase-functions/lib/index.js\"}"}}
[debug] [2022-07-18T21:35:15.716Z] [runtime-status] [10330] Resolved module firebase-admin {"declared":true,"installed":true,"version":"10.3.0","resolution":"/home/pab/Documents/group-project-team-red/functions/node_modules/firebase-admin/lib/index.js"} {"metadata":{"emulator":{"name":"functions"},"function":{"name":"us-central1-stripe"},"extension":{},"message":"[runtime-status] [10330] Resolved module firebase-admin {\"declared\":true,\"installed\":true,\"version\":\"10.3.0\",\"resolution\":\"/home/pab/Documents/group-project-team-red/functions/node_modules/firebase-admin/lib/index.js\"}"}}
[debug] [2022-07-18T21:35:15.717Z] [runtime-status] [10330] Resolved module firebase-functions {"declared":true,"installed":true,"version":"3.22.0","resolution":"/home/pab/Documents/group-project-team-red/functions/node_modules/firebase-functions/lib/index.js"} {"metadata":{"emulator":{"name":"functions"},"function":{"name":"us-central1-stripe"},"extension":{},"message":"[runtime-status] [10330] Resolved module firebase-functions {\"declared\":true,\"installed\":true,\"version\":\"3.22.0\",\"resolution\":\"/home/pab/Documents/group-project-team-red/functions/node_modules/firebase-functions/lib/index.js\"}"}}
[debug] [2022-07-18T21:35:15.717Z] [runtime-status] [10330] firebase-admin has been stubbed. {"adminResolution":{"declared":true,"installed":true,"version":"10.3.0","resolution":"/home/pab/Documents/group-project-team-red/functions/node_modules/firebase-admin/lib/index.js"}} {"metadata":{"emulator":{"name":"functions"},"function":{"name":"us-central1-stripe"},"extension":{},"message":"[runtime-status] [10330] firebase-admin has been stubbed. {\"adminResolution\":{\"declared\":true,\"installed\":true,\"version\":\"10.3.0\",\"resolution\":\"/home/pab/Documents/group-project-team-red/functions/node_modules/firebase-admin/lib/index.js\"}}"}}
[debug] [2022-07-18T21:35:15.846Z] [runtime-status] [10330] Beginning invocation function stripe! {"metadata":{"emulator":{"name":"functions"},"function":{"name":"us-central1-stripe"},"extension":{},"message":"[runtime-status] [10330] Beginning invocation function stripe!"}}
[info] i  functions: Beginning execution of "stripe" {"metadata":{"emulator":{"name":"functions"},"function":{"name":"us-central1-stripe"},"extension":{},"message":"Beginning execution of \"stripe\""}}
[debug] [2022-07-18T21:35:15.847Z] [runtime-status] [10330] Running stripe in signature http {"metadata":{"emulator":{"name":"functions"},"function":{"name":"us-central1-stripe"},"extension":{},"message":"[runtime-status] [10330] Running stripe in signature http"}}
[debug] [2022-07-18T21:35:15.847Z] [runtime-status] [10330] Attempting to listen to port: /tmp/fire_emu_f477c80275662300.sock {"metadata":{"emulator":{"name":"functions"},"function":{"name":"us-central1-stripe"},"extension":{},"message":"[runtime-status] [10330] Attempting to listen to port: /tmp/fire_emu_f477c80275662300.sock"}}
[debug] [2022-07-18T21:35:15.849Z] [runtime-status] [10330] Listening to port: /tmp/fire_emu_f477c80275662300.sock {"metadata":{"emulator":{"name":"functions"},"function":{"name":"us-central1-stripe"},"extension":{},"message":"[runtime-status] [10330] Listening to port: /tmp/fire_emu_f477c80275662300.sock"}}
[debug] [2022-07-18T21:35:15.853Z] [functions] Runtime ready! Sending request! {"metadata":{"emulator":{"name":"functions"},"message":"[functions] Runtime ready! Sending request!"}}
[debug] [2022-07-18T21:35:15.854Z] [functions] Got req.url=/team-red-1ccfb/us-central1/stripe/create-payment-intent, mapping to path=/create-payment-intent {"metadata":{"emulator":{"name":"functions"},"message":"[functions] Got req.url=/team-red-1ccfb/us-central1/stripe/create-payment-intent, mapping to path=/create-payment-intent"}}
[debug] [2022-07-18T21:35:15.884Z] [runtime-status] [10330] Ephemeral server handling POST request {"metadata":{"emulator":{"name":"functions"},"function":{"name":"us-central1-stripe"},"extension":{},"message":"[runtime-status] [10330] Ephemeral server handling POST request"}}
[debug] [2022-07-18T21:35:15.899Z] [runtime-status] [10330] Ephemeral server survived. {"metadata":{"emulator":{"name":"functions"},"function":{"name":"us-central1-stripe"},"extension":{},"message":"[runtime-status] [10330] Ephemeral server survived."}}
[info] i  functions: Finished "stripe" in ~1s {"metadata":{"emulator":{"name":"functions"},"function":{"name":"us-central1-stripe"},"extension":{},"message":"Finished \"stripe\" in ~1s"}}
[debug] [2022-07-18T21:35:16.916Z] [worker-us-central1-stripe-7b13b970-d38b-4d59-87c5-e21e047c8ef4]: IDLE {"metadata":{"emulator":{"name":"functions"},"message":"[worker-us-central1-stripe-7b13b970-d38b-4d59-87c5-e21e047c8ef4]: IDLE"}}
[debug] [2022-07-18T21:35:16.917Z] [work-queue] {"queueLength":0,"workRunningCount":0}
[debug] [2022-07-19T00:06:20.273Z] [work-queue] {"queueLength":1,"workRunningCount":0}
[debug] [2022-07-19T00:06:20.312Z] [work-queue] {"queueLength":0,"workRunningCount":1}
[debug] [2022-07-19T00:06:20.324Z] Accepted request OPTIONS /team-red-1ccfb/us-central1/stripe/create-payment-intent --> us-central1-stripe
[debug] [2022-07-19T00:06:20.342Z] [worker-pool] submitWork(triggerId=us-central1-stripe) {"metadata":{"emulator":{"name":"functions"},"message":"[worker-pool] submitWork(triggerId=us-central1-stripe)"}}
[debug] [2022-07-19T00:06:20.356Z] [worker-us-central1-stripe-fd99f338-ae7f-4539-bfda-f5d3233a7ad4]: BUSY {"metadata":{"emulator":{"name":"functions"},"message":"[worker-us-central1-stripe-fd99f338-ae7f-4539-bfda-f5d3233a7ad4]: BUSY"}}
[debug] [2022-07-19T00:06:21.310Z] [runtime-status] [10302] Beginning invocation function stripe! {"metadata":{"emulator":{"name":"functions"},"function":{"name":"us-central1-stripe"},"extension":{},"message":"[runtime-status] [10302] Beginning invocation function stripe!"}}
[info] i  functions: Beginning execution of "stripe" {"metadata":{"emulator":{"name":"functions"},"function":{"name":"us-central1-stripe"},"extension":{},"message":"Beginning execution of \"stripe\""}}
[debug] [2022-07-19T00:06:21.361Z] [runtime-status] [10302] Running stripe in signature http {"metadata":{"emulator":{"name":"functions"},"function":{"name":"us-central1-stripe"},"extension":{},"message":"[runtime-status] [10302] Running stripe in signature http"}}
[debug] [2022-07-19T00:06:21.786Z] [runtime-status] [10302] Attempting to listen to port: /tmp/fire_emu_d87953bdfee41fd9.sock {"metadata":{"emulator":{"name":"functions"},"function":{"name":"us-central1-stripe"},"extension":{},"message":"[runtime-status] [10302] Attempting to listen to port: /tmp/fire_emu_d87953bdfee41fd9.sock"}}
[debug] [2022-07-19T00:06:22.637Z] [runtime-status] [10302] Listening to port: /tmp/fire_emu_d87953bdfee41fd9.sock {"metadata":{"emulator":{"name":"functions"},"function":{"name":"us-central1-stripe"},"extension":{},"message":"[runtime-status] [10302] Listening to port: /tmp/fire_emu_d87953bdfee41fd9.sock"}}
[debug] [2022-07-19T00:06:22.890Z] [functions] Runtime ready! Sending request! {"metadata":{"emulator":{"name":"functions"},"message":"[functions] Runtime ready! Sending request!"}}
[debug] [2022-07-19T00:06:22.901Z] [functions] Got req.url=/team-red-1ccfb/us-central1/stripe/create-payment-intent, mapping to path=/create-payment-intent {"metadata":{"emulator":{"name":"functions"},"message":"[functions] Got req.url=/team-red-1ccfb/us-central1/stripe/create-payment-intent, mapping to path=/create-payment-intent"}}
[debug] [2022-07-19T00:06:23.029Z] [runtime-status] [10302] Ephemeral server handling OPTIONS request {"metadata":{"emulator":{"name":"functions"},"function":{"name":"us-central1-stripe"},"extension":{},"message":"[runtime-status] [10302] Ephemeral server handling OPTIONS request"}}
[debug] [2022-07-19T00:06:23.100Z] [work-queue] {"queueLength":1,"workRunningCount":1}
[debug] [2022-07-19T00:06:23.100Z] [work-queue] {"queueLength":0,"workRunningCount":2}
[debug] [2022-07-19T00:06:23.100Z] Accepted request POST /team-red-1ccfb/us-central1/stripe/create-payment-intent --> us-central1-stripe
[debug] [2022-07-19T00:06:23.100Z] [worker-pool] submitWork(triggerId=us-central1-stripe) {"metadata":{"emulator":{"name":"functions"},"message":"[worker-pool] submitWork(triggerId=us-central1-stripe)"}}
[debug] [2022-07-19T00:06:23.101Z] [worker-us-central1-stripe-7b13b970-d38b-4d59-87c5-e21e047c8ef4]: BUSY {"metadata":{"emulator":{"name":"functions"},"message":"[worker-us-central1-stripe-7b13b970-d38b-4d59-87c5-e21e047c8ef4]: BUSY"}}
[debug] [2022-07-19T00:06:23.102Z] [runtime-status] [10302] Ephemeral server survived. {"metadata":{"emulator":{"name":"functions"},"function":{"name":"us-central1-stripe"},"extension":{},"message":"[runtime-status] [10302] Ephemeral server survived."}}
[info] i  functions: Finished "stripe" in ~1s {"metadata":{"emulator":{"name":"functions"},"function":{"name":"us-central1-stripe"},"extension":{},"message":"Finished \"stripe\" in ~1s"}}
[debug] [2022-07-19T00:06:23.106Z] [worker-us-central1-stripe-fd99f338-ae7f-4539-bfda-f5d3233a7ad4]: IDLE {"metadata":{"emulator":{"name":"functions"},"message":"[worker-us-central1-stripe-fd99f338-ae7f-4539-bfda-f5d3233a7ad4]: IDLE"}}
[debug] [2022-07-19T00:06:23.106Z] [work-queue] {"queueLength":0,"workRunningCount":1}
[debug] [2022-07-19T00:06:23.239Z] [runtime-status] [10330] Beginning invocation function stripe! {"metadata":{"emulator":{"name":"functions"},"function":{"name":"us-central1-stripe"},"extension":{},"message":"[runtime-status] [10330] Beginning invocation function stripe!"}}
[info] i  functions: Beginning execution of "stripe" {"metadata":{"emulator":{"name":"functions"},"function":{"name":"us-central1-stripe"},"extension":{},"message":"Beginning execution of \"stripe\""}}
[debug] [2022-07-19T00:06:23.242Z] [runtime-status] [10330] Running stripe in signature http {"metadata":{"emulator":{"name":"functions"},"function":{"name":"us-central1-stripe"},"extension":{},"message":"[runtime-status] [10330] Running stripe in signature http"}}
[debug] [2022-07-19T00:06:23.452Z] [runtime-status] [10330] Attempting to listen to port: /tmp/fire_emu_f477c80275662300.sock {"metadata":{"emulator":{"name":"functions"},"function":{"name":"us-central1-stripe"},"extension":{},"message":"[runtime-status] [10330] Attempting to listen to port: /tmp/fire_emu_f477c80275662300.sock"}}
[debug] [2022-07-19T00:06:23.455Z] [runtime-status] [10330] Listening to port: /tmp/fire_emu_f477c80275662300.sock {"metadata":{"emulator":{"name":"functions"},"function":{"name":"us-central1-stripe"},"extension":{},"message":"[runtime-status] [10330] Listening to port: /tmp/fire_emu_f477c80275662300.sock"}}
[debug] [2022-07-19T00:06:23.467Z] [functions] Runtime ready! Sending request! {"metadata":{"emulator":{"name":"functions"},"message":"[functions] Runtime ready! Sending request!"}}
[debug] [2022-07-19T00:06:23.469Z] [functions] Got req.url=/team-red-1ccfb/us-central1/stripe/create-payment-intent, mapping to path=/create-payment-intent {"metadata":{"emulator":{"name":"functions"},"message":"[functions] Got req.url=/team-red-1ccfb/us-central1/stripe/create-payment-intent, mapping to path=/create-payment-intent"}}
[debug] [2022-07-19T00:06:23.602Z] [runtime-status] [10330] Ephemeral server handling POST request {"metadata":{"emulator":{"name":"functions"},"function":{"name":"us-central1-stripe"},"extension":{},"message":"[runtime-status] [10330] Ephemeral server handling POST request"}}
[debug] [2022-07-19T00:06:23.741Z] [runtime-status] [10330] Ephemeral server survived. {"metadata":{"emulator":{"name":"functions"},"function":{"name":"us-central1-stripe"},"extension":{},"message":"[runtime-status] [10330] Ephemeral server survived."}}
[info] i  functions: Finished "stripe" in ~1s {"metadata":{"emulator":{"name":"functions"},"function":{"name":"us-central1-stripe"},"extension":{},"message":"Finished \"stripe\" in ~1s"}}
[debug] [2022-07-19T00:06:24.800Z] [worker-us-central1-stripe-7b13b970-d38b-4d59-87c5-e21e047c8ef4]: IDLE {"metadata":{"emulator":{"name":"functions"},"message":"[worker-us-central1-stripe-7b13b970-d38b-4d59-87c5-e21e047c8ef4]: IDLE"}}
[debug] [2022-07-19T00:06:24.801Z] [work-queue] {"queueLength":0,"workRunningCount":0}
[debug] [2022-07-19T01:39:00.076Z] [work-queue] {"queueLength":1,"workRunningCount":0}
[debug] [2022-07-19T01:39:00.102Z] [work-queue] {"queueLength":0,"workRunningCount":1}
[debug] [2022-07-19T01:39:00.110Z] Accepted request OPTIONS /team-red-1ccfb/us-central1/stripe/create-payment-intent --> us-central1-stripe
[debug] [2022-07-19T01:39:00.125Z] [worker-pool] submitWork(triggerId=us-central1-stripe) {"metadata":{"emulator":{"name":"functions"},"message":"[worker-pool] submitWork(triggerId=us-central1-stripe)"}}
[debug] [2022-07-19T01:39:00.133Z] [worker-us-central1-stripe-fd99f338-ae7f-4539-bfda-f5d3233a7ad4]: BUSY {"metadata":{"emulator":{"name":"functions"},"message":"[worker-us-central1-stripe-fd99f338-ae7f-4539-bfda-f5d3233a7ad4]: BUSY"}}
[debug] [2022-07-19T01:39:00.202Z] [runtime-status] [10302] Beginning invocation function stripe! {"metadata":{"emulator":{"name":"functions"},"function":{"name":"us-central1-stripe"},"extension":{},"message":"[runtime-status] [10302] Beginning invocation function stripe!"}}
[info] i  functions: Beginning execution of "stripe" {"metadata":{"emulator":{"name":"functions"},"function":{"name":"us-central1-stripe"},"extension":{},"message":"Beginning execution of \"stripe\""}}
[debug] [2022-07-19T01:39:00.221Z] [runtime-status] [10302] Running stripe in signature http {"metadata":{"emulator":{"name":"functions"},"function":{"name":"us-central1-stripe"},"extension":{},"message":"[runtime-status] [10302] Running stripe in signature http"}}
[debug] [2022-07-19T01:39:00.258Z] [runtime-status] [10302] Attempting to listen to port: /tmp/fire_emu_d87953bdfee41fd9.sock {"metadata":{"emulator":{"name":"functions"},"function":{"name":"us-central1-stripe"},"extension":{},"message":"[runtime-status] [10302] Attempting to listen to port: /tmp/fire_emu_d87953bdfee41fd9.sock"}}
[debug] [2022-07-19T01:39:00.275Z] [runtime-status] [10302] Listening to port: /tmp/fire_emu_d87953bdfee41fd9.sock {"metadata":{"emulator":{"name":"functions"},"function":{"name":"us-central1-stripe"},"extension":{},"message":"[runtime-status] [10302] Listening to port: /tmp/fire_emu_d87953bdfee41fd9.sock"}}
[debug] [2022-07-19T01:39:00.430Z] [functions] Runtime ready! Sending request! {"metadata":{"emulator":{"name":"functions"},"message":"[functions] Runtime ready! Sending request!"}}
[debug] [2022-07-19T01:39:00.435Z] [functions] Got req.url=/team-red-1ccfb/us-central1/stripe/create-payment-intent, mapping to path=/create-payment-intent {"metadata":{"emulator":{"name":"functions"},"message":"[functions] Got req.url=/team-red-1ccfb/us-central1/stripe/create-payment-intent, mapping to path=/create-payment-intent"}}
[debug] [2022-07-19T01:39:00.501Z] [runtime-status] [10302] Ephemeral server handling OPTIONS request {"metadata":{"emulator":{"name":"functions"},"function":{"name":"us-central1-stripe"},"extension":{},"message":"[runtime-status] [10302] Ephemeral server handling OPTIONS request"}}
[debug] [2022-07-19T01:39:00.538Z] [runtime-status] [10302] Ephemeral server survived. {"metadata":{"emulator":{"name":"functions"},"function":{"name":"us-central1-stripe"},"extension":{},"message":"[runtime-status] [10302] Ephemeral server survived."}}
[info] i  functions: Finished "stripe" in ~1s {"metadata":{"emulator":{"name":"functions"},"function":{"name":"us-central1-stripe"},"extension":{},"message":"Finished \"stripe\" in ~1s"}}
[debug] [2022-07-19T01:39:00.574Z] [worker-us-central1-stripe-fd99f338-ae7f-4539-bfda-f5d3233a7ad4]: IDLE {"metadata":{"emulator":{"name":"functions"},"message":"[worker-us-central1-stripe-fd99f338-ae7f-4539-bfda-f5d3233a7ad4]: IDLE"}}
[debug] [2022-07-19T01:39:00.575Z] [work-queue] {"queueLength":0,"workRunningCount":0}
[debug] [2022-07-19T01:39:00.579Z] [work-queue] {"queueLength":1,"workRunningCount":0}
[debug] [2022-07-19T01:39:00.579Z] [work-queue] {"queueLength":0,"workRunningCount":1}
[debug] [2022-07-19T01:39:00.580Z] Accepted request POST /team-red-1ccfb/us-central1/stripe/create-payment-intent --> us-central1-stripe
[debug] [2022-07-19T01:39:00.580Z] [worker-pool] submitWork(triggerId=us-central1-stripe) {"metadata":{"emulator":{"name":"functions"},"message":"[worker-pool] submitWork(triggerId=us-central1-stripe)"}}
[debug] [2022-07-19T01:39:00.581Z] [worker-us-central1-stripe-fd99f338-ae7f-4539-bfda-f5d3233a7ad4]: BUSY {"metadata":{"emulator":{"name":"functions"},"message":"[worker-us-central1-stripe-fd99f338-ae7f-4539-bfda-f5d3233a7ad4]: BUSY"}}
[debug] [2022-07-19T01:39:00.582Z] [runtime-status] [10302] Beginning invocation function stripe! {"metadata":{"emulator":{"name":"functions"},"function":{"name":"us-central1-stripe"},"extension":{},"message":"[runtime-status] [10302] Beginning invocation function stripe!"}}
[info] i  functions: Beginning execution of "stripe" {"metadata":{"emulator":{"name":"functions"},"function":{"name":"us-central1-stripe"},"extension":{},"message":"Beginning execution of \"stripe\""}}
[debug] [2022-07-19T01:39:00.584Z] [runtime-status] [10302] Running stripe in signature http {"metadata":{"emulator":{"name":"functions"},"function":{"name":"us-central1-stripe"},"extension":{},"message":"[runtime-status] [10302] Running stripe in signature http"}}
[debug] [2022-07-19T01:39:00.585Z] [runtime-status] [10302] Attempting to listen to port: /tmp/fire_emu_d87953bdfee41fd9.sock {"metadata":{"emulator":{"name":"functions"},"function":{"name":"us-central1-stripe"},"extension":{},"message":"[runtime-status] [10302] Attempting to listen to port: /tmp/fire_emu_d87953bdfee41fd9.sock"}}
[debug] [2022-07-19T01:39:00.593Z] [runtime-status] [10302] Listening to port: /tmp/fire_emu_d87953bdfee41fd9.sock {"metadata":{"emulator":{"name":"functions"},"function":{"name":"us-central1-stripe"},"extension":{},"message":"[runtime-status] [10302] Listening to port: /tmp/fire_emu_d87953bdfee41fd9.sock"}}
[debug] [2022-07-19T01:39:00.606Z] [functions] Runtime ready! Sending request! {"metadata":{"emulator":{"name":"functions"},"message":"[functions] Runtime ready! Sending request!"}}
[debug] [2022-07-19T01:39:00.606Z] [functions] Got req.url=/team-red-1ccfb/us-central1/stripe/create-payment-intent, mapping to path=/create-payment-intent {"metadata":{"emulator":{"name":"functions"},"message":"[functions] Got req.url=/team-red-1ccfb/us-central1/stripe/create-payment-intent, mapping to path=/create-payment-intent"}}
[debug] [2022-07-19T01:39:00.885Z] [runtime-status] [10302] Ephemeral server handling POST request {"metadata":{"emulator":{"name":"functions"},"function":{"name":"us-central1-stripe"},"extension":{},"message":"[runtime-status] [10302] Ephemeral server handling POST request"}}
[debug] [2022-07-19T01:39:00.998Z] [runtime-status] [10302] Ephemeral server survived. {"metadata":{"emulator":{"name":"functions"},"function":{"name":"us-central1-stripe"},"extension":{},"message":"[runtime-status] [10302] Ephemeral server survived."}}
[info] i  functions: Finished "stripe" in ~1s {"metadata":{"emulator":{"name":"functions"},"function":{"name":"us-central1-stripe"},"extension":{},"message":"Finished \"stripe\" in ~1s"}}
[debug] [2022-07-19T01:39:02.179Z] [worker-us-central1-stripe-fd99f338-ae7f-4539-bfda-f5d3233a7ad4]: IDLE {"metadata":{"emulator":{"name":"functions"},"message":"[worker-us-central1-stripe-fd99f338-ae7f-4539-bfda-f5d3233a7ad4]: IDLE"}}
[debug] [2022-07-19T01:39:02.180Z] [work-queue] {"queueLength":0,"workRunningCount":0}
